<?xml version="1.0" encoding="UTF-8"?>
<!-- Generated by org.testng.reporters.JUnitReportReporter -->
<testsuite hostname="fabrizio-P65" failures="0" tests="102" name="cs.lab.ValidatorTest" time="2.415" errors="1" timestamp="2020-10-08T10:26:22 PET" skipped="0">
  <testcase classname="cs.lab.ValidatorTest" name="testCase1" time="0.043"/>
  <testcase classname="cs.lab.ValidatorTest" name="testCase1" time="0.044"/>
  <testcase classname="cs.lab.ValidatorTest" name="testCase1" time="0.036"/>
  <testcase classname="cs.lab.ValidatorTest" name="testCase1" time="0.001"/>
  <testcase classname="cs.lab.ValidatorTest" name="testCase1" time="0.043"/>
  <testcase classname="cs.lab.ValidatorTest" name="testCase1" time="0.016"/>
  <testcase classname="cs.lab.ValidatorTest" name="testCase1" time="0.018"/>
  <testcase classname="cs.lab.ValidatorTest" name="testCase1" time="0.000"/>
  <testcase classname="cs.lab.ValidatorTest" name="testCase1" time="0.049"/>
  <testcase classname="cs.lab.ValidatorTest" name="testCase1" time="0.000"/>
  <testcase classname="cs.lab.ValidatorTest" name="testCase1" time="0.012"/>
  <testcase classname="cs.lab.ValidatorTest" name="testCase1" time="0.041"/>
  <testcase classname="cs.lab.ValidatorTest" name="testCase1" time="0.043"/>
  <testcase classname="cs.lab.ValidatorTest" name="testCase1" time="0.008"/>
  <testcase classname="cs.lab.ValidatorTest" name="testCase1" time="0.026"/>
  <testcase classname="cs.lab.ValidatorTest" name="testCase1" time="0.050"/>
  <testcase classname="cs.lab.ValidatorTest" name="testCase1" time="0.045"/>
  <testcase classname="cs.lab.ValidatorTest" name="testCase1" time="0.044"/>
  <testcase classname="cs.lab.ValidatorTest" name="testCase1" time="0.016"/>
  <testcase classname="cs.lab.ValidatorTest" name="testCase1" time="0.041"/>
  <testcase classname="cs.lab.ValidatorTest" name="testCase1" time="0.001"/>
  <testcase classname="cs.lab.ValidatorTest" name="testCase1" time="0.011"/>
  <testcase classname="cs.lab.ValidatorTest" name="testCase1" time="0.000"/>
  <testcase classname="cs.lab.ValidatorTest" name="testCase1" time="0.009"/>
  <testcase classname="cs.lab.ValidatorTest" name="testCase1" time="0.043"/>
  <testcase classname="cs.lab.ValidatorTest" name="testCase1" time="0.048"/>
  <testcase classname="cs.lab.ValidatorTest" name="testCase1" time="0.035"/>
  <testcase classname="cs.lab.ValidatorTest" name="testCase1" time="0.012"/>
  <testcase classname="cs.lab.ValidatorTest" name="testCase1" time="0.044"/>
  <testcase classname="cs.lab.ValidatorTest" name="testCase1" time="0.000"/>
  <testcase classname="cs.lab.ValidatorTest" name="testCase1" time="0.050"/>
  <testcase classname="cs.lab.ValidatorTest" name="testCase1" time="0.029"/>
  <testcase classname="cs.lab.ValidatorTest" name="testCase1" time="0.041"/>
  <testcase classname="cs.lab.ValidatorTest" name="testCase1" time="0.000"/>
  <testcase classname="cs.lab.ValidatorTest" name="testCase1" time="0.043"/>
  <testcase classname="cs.lab.ValidatorTest" name="testCase1" time="0.001"/>
  <testcase classname="cs.lab.ValidatorTest" name="testCase1" time="0.039"/>
  <testcase classname="cs.lab.ValidatorTest" name="testCase1" time="0.000"/>
  <testcase classname="cs.lab.ValidatorTest" name="testCase1" time="0.016"/>
  <testcase classname="cs.lab.ValidatorTest" name="testCase1" time="0.044"/>
  <testcase classname="cs.lab.ValidatorTest" name="testCase1" time="0.049"/>
  <testcase classname="cs.lab.ValidatorTest" name="testCase1" time="0.015"/>
  <testcase classname="cs.lab.ValidatorTest" name="testCase1" time="0.050"/>
  <testcase classname="cs.lab.ValidatorTest" name="testCase1" time="0.016"/>
  <testcase classname="cs.lab.ValidatorTest" name="testCase1" time="0.000"/>
  <testcase classname="cs.lab.ValidatorTest" name="testCase1" time="0.000"/>
  <testcase classname="cs.lab.ValidatorTest" name="testCase1" time="0.045"/>
  <testcase classname="cs.lab.ValidatorTest" name="testCase1" time="0.023"/>
  <testcase classname="cs.lab.ValidatorTest" name="testCase1" time="0.030"/>
  <testcase classname="cs.lab.ValidatorTest" name="testCase1" time="0.012"/>
  <testcase classname="cs.lab.ValidatorTest" name="testCase1" time="0.041"/>
  <testcase classname="cs.lab.ValidatorTest" name="testCase1" time="0.050"/>
  <testcase classname="cs.lab.ValidatorTest" name="testCase1" time="0.042"/>
  <testcase classname="cs.lab.ValidatorTest" name="testCase1" time="0.000"/>
  <testcase classname="cs.lab.ValidatorTest" name="testCase1" time="0.004"/>
  <testcase classname="cs.lab.ValidatorTest" name="testCase1" time="0.033"/>
  <testcase classname="cs.lab.ValidatorTest" name="testCase1" time="0.017"/>
  <testcase classname="cs.lab.ValidatorTest" name="testCase1" time="0.015"/>
  <testcase classname="cs.lab.ValidatorTest" name="testCase1" time="0.043"/>
  <testcase classname="cs.lab.ValidatorTest" name="testCase1" time="0.051"/>
  <testcase classname="cs.lab.ValidatorTest" name="testCase1" time="0.045"/>
  <testcase classname="cs.lab.ValidatorTest" name="testCase1" time="0.000"/>
  <testcase classname="cs.lab.ValidatorTest" name="testCase2" time="0.000">
    <error message="Revise su formato" type="cs.lab.IncorrectFormatException">
      <![CDATA[cs.lab.IncorrectFormatException: Revise su formato
at cs.lab.Description.validate(Description.java:25)
at cs.lab.Validator.nextClass(Validator.java:33)
at cs.lab.ValidatorTest.testCase2(ValidatorTest.java:38)
at java.base/jdk.internal.reflect.NativeMethodAccessorImpl.invoke0(Native Method)
at java.base/jdk.internal.reflect.NativeMethodAccessorImpl.invoke(NativeMethodAccessorImpl.java:62)
at java.base/jdk.internal.reflect.DelegatingMethodAccessorImpl.invoke(DelegatingMethodAccessorImpl.java:43)
at java.base/java.lang.reflect.Method.invoke(Method.java:566)
at org.testng.internal.MethodInvocationHelper.invokeMethod(MethodInvocationHelper.java:131)
at org.testng.internal.Invoker.invokeMethod(Invoker.java:658)
at org.testng.internal.Invoker.invokeTestMethod(Invoker.java:792)
at org.testng.internal.Invoker.invokeTestMethods(Invoker.java:1103)
at org.testng.internal.TestMethodWorker.invokeTestMethods(TestMethodWorker.java:140)
at org.testng.internal.TestMethodWorker.run(TestMethodWorker.java:122)
at org.testng.TestRunner.privateRun(TestRunner.java:739)
at org.testng.TestRunner.run(TestRunner.java:589)
at org.testng.SuiteRunner.runTest(SuiteRunner.java:398)
at org.testng.SuiteRunner.runSequentially(SuiteRunner.java:392)
at org.testng.SuiteRunner.privateRun(SuiteRunner.java:354)
at org.testng.SuiteRunner.run(SuiteRunner.java:302)
at org.testng.SuiteRunnerWorker.runSuite(SuiteRunnerWorker.java:53)
at org.testng.SuiteRunnerWorker.run(SuiteRunnerWorker.java:96)
at org.testng.TestNG.runSuitesSequentially(TestNG.java:1145)
at org.testng.TestNG.runSuitesLocally(TestNG.java:1067)
at org.testng.TestNG.runSuites(TestNG.java:997)
at org.testng.TestNG.run(TestNG.java:965)
at org.apache.maven.surefire.testng.TestNGExecutor.run(TestNGExecutor.java:77)
at org.apache.maven.surefire.testng.TestNGDirectoryTestSuite.execute(TestNGDirectoryTestSuite.java:110)
at org.apache.maven.surefire.testng.TestNGProvider.invoke(TestNGProvider.java:106)
at java.base/jdk.internal.reflect.NativeMethodAccessorImpl.invoke0(Native Method)
at java.base/jdk.internal.reflect.NativeMethodAccessorImpl.invoke(NativeMethodAccessorImpl.java:62)
at java.base/jdk.internal.reflect.DelegatingMethodAccessorImpl.invoke(DelegatingMethodAccessorImpl.java:43)
at java.base/java.lang.reflect.Method.invoke(Method.java:566)
at org.apache.maven.surefire.util.ReflectionUtils.invokeMethodWithArray(ReflectionUtils.java:189)
at org.apache.maven.surefire.booter.ProviderFactory$ProviderProxy.invoke(ProviderFactory.java:165)
at org.apache.maven.surefire.booter.ProviderFactory.invokeProvider(ProviderFactory.java:85)
at org.apache.maven.surefire.booter.ForkedBooter.runSuitesInProcess(ForkedBooter.java:115)
at org.apache.maven.surefire.booter.ForkedBooter.main(ForkedBooter.java:75)
]]>
    </error>
  </testcase> <!-- testCase2 -->
  <testcase classname="cs.lab.ValidatorTest" name="testCase1" time="0.051"/>
  <testcase classname="cs.lab.ValidatorTest" name="testCase1" time="0.000"/>
  <testcase classname="cs.lab.ValidatorTest" name="testCase1" time="0.000"/>
  <testcase classname="cs.lab.ValidatorTest" name="testCase1" time="0.033"/>
  <testcase classname="cs.lab.ValidatorTest" name="testCase1" time="0.001"/>
  <testcase classname="cs.lab.ValidatorTest" name="testCase1" time="0.017"/>
  <testcase classname="cs.lab.ValidatorTest" name="testCase1" time="0.050"/>
  <testcase classname="cs.lab.ValidatorTest" name="testCase1" time="0.013"/>
  <testcase classname="cs.lab.ValidatorTest" name="testCase1" time="0.044"/>
  <testcase classname="cs.lab.ValidatorTest" name="testCase1" time="0.042"/>
  <testcase classname="cs.lab.ValidatorTest" name="testCase1" time="0.010"/>
  <testcase classname="cs.lab.ValidatorTest" name="testCase1" time="0.031"/>
  <testcase classname="cs.lab.ValidatorTest" name="testCase1" time="0.000"/>
  <testcase classname="cs.lab.ValidatorTest" name="testCase1" time="0.031"/>
  <testcase classname="cs.lab.ValidatorTest" name="testCase1" time="0.000"/>
  <testcase classname="cs.lab.ValidatorTest" name="testCase1" time="0.000"/>
  <testcase classname="cs.lab.ValidatorTest" name="testCase1" time="0.041"/>
  <testcase classname="cs.lab.ValidatorTest" name="testCase1" time="0.037"/>
  <testcase classname="cs.lab.ValidatorTest" name="testCase1" time="0.013"/>
  <testcase classname="cs.lab.ValidatorTest" name="testCase1" time="0.012"/>
  <testcase classname="cs.lab.ValidatorTest" name="testCase1" time="0.012"/>
  <testcase classname="cs.lab.ValidatorTest" name="testCase1" time="0.009"/>
  <testcase classname="cs.lab.ValidatorTest" name="testCase1" time="0.050"/>
  <testcase classname="cs.lab.ValidatorTest" name="testCase1" time="0.000"/>
  <testcase classname="cs.lab.ValidatorTest" name="testCase1" time="0.049"/>
  <testcase classname="cs.lab.ValidatorTest" name="testCase1" time="0.015"/>
  <testcase classname="cs.lab.ValidatorTest" name="testCase1" time="0.011"/>
  <testcase classname="cs.lab.ValidatorTest" name="testCase1" time="0.011"/>
  <testcase classname="cs.lab.ValidatorTest" name="testCase1" time="0.000"/>
  <testcase classname="cs.lab.ValidatorTest" name="testCase1" time="0.013"/>
  <testcase classname="cs.lab.ValidatorTest" name="testCase1" time="0.042"/>
  <testcase classname="cs.lab.ValidatorTest" name="testIncorrectFormat" time="0.001"/>
  <testcase classname="cs.lab.ValidatorTest" name="testCase1" time="0.049"/>
  <testcase classname="cs.lab.ValidatorTest" name="testCase1" time="0.042"/>
  <testcase classname="cs.lab.ValidatorTest" name="testCase1" time="0.000"/>
  <testcase classname="cs.lab.ValidatorTest" name="testCase1" time="0.017"/>
  <testcase classname="cs.lab.ValidatorTest" name="testCase1" time="0.001"/>
  <testcase classname="cs.lab.ValidatorTest" name="testCase1" time="0.043"/>
  <testcase classname="cs.lab.ValidatorTest" name="testCase1" time="0.001"/>
</testsuite> <!-- cs.lab.ValidatorTest -->
